{
  "stats": {
    "suites": 1,
    "tests": 1,
    "passes": 0,
    "pending": 0,
    "failures": 1,
    "start": "2025-02-01T12:03:35.686Z",
    "end": "2025-02-01T12:03:44.917Z",
    "duration": 9231,
    "testsRegistered": 1,
    "passPercent": 0,
    "pendingPercent": 0,
    "other": 0,
    "hasOther": false,
    "skipped": 0,
    "hasSkipped": false
  },
  "results": [
    {
      "uuid": "aaf9a631-44b7-4cdf-a625-992228ff471a",
      "title": "",
      "fullFile": "cypress/e2e/Learning web/HandleTables.cy.js",
      "file": "cypress/e2e/Learning web/HandleTables.cy.js",
      "beforeHooks": [],
      "afterHooks": [],
      "tests": [],
      "suites": [
        {
          "uuid": "73b1ef64-e777-4485-8f85-eec11f344651",
          "title": "handle table",
          "fullFile": "",
          "file": "",
          "beforeHooks": [],
          "afterHooks": [],
          "tests": [
            {
              "title": "Pangination",
              "fullTitle": "handle table Pangination",
              "timedOut": null,
              "duration": 8103,
              "state": "failed",
              "speed": null,
              "pass": false,
              "fail": true,
              "pending": false,
              "context": null,
              "code": "// Find total no. of pages\nlet totalpage;\ncy.get('.col-sm-6 text-end').then(e => {\n  let mytext = e.text(); // Showing 1 to 10 of 16004 (1601 Pages)\n  totalpage = mytext.substring(mytext.indexof(\"(\") + 1, mytext.indexof(\"page\") - 1);\n  cy.log(\"total no of page in table\" + totalpage);\n});",
              "err": {
                "message": "AssertionError: Timed out retrying after 4000ms: Expected to find element: `#menu-customer`, but never found it.\n\nBecause this error occurred during a `before each` hook we are skipping the remaining tests in the current suite: `handle table`",
                "estack": "AssertionError: Timed out retrying after 4000ms: Expected to find element: `#menu-customer`, but never found it.\n\nBecause this error occurred during a `before each` hook we are skipping the remaining tests in the current suite: `handle table`\n    at Context.eval (webpack://cypressautomation/./cypress/e2e/Learning web/HandleTables.cy.js:10:15)",
                "diff": null
              },
              "uuid": "eea269ee-3538-483b-a1be-55961e10c689",
              "parentUUID": "73b1ef64-e777-4485-8f85-eec11f344651",
              "isHook": false,
              "skipped": false
            }
          ],
          "suites": [],
          "passes": [],
          "failures": [
            "eea269ee-3538-483b-a1be-55961e10c689"
          ],
          "pending": [],
          "skipped": [],
          "duration": 8103,
          "root": false,
          "rootEmpty": false,
          "_timeout": 2000
        }
      ],
      "passes": [],
      "failures": [],
      "pending": [],
      "skipped": [],
      "duration": 0,
      "root": true,
      "rootEmpty": true,
      "_timeout": 2000
    }
  ],
  "meta": {
    "mocha": {
      "version": "7.0.1"
    },
    "mochawesome": {
      "options": {
        "quiet": false,
        "reportFilename": "mochawesome",
        "saveHtml": false,
        "saveJson": true,
        "consoleReporter": "spec",
        "useInlineDiffs": false,
        "code": true
      },
      "version": "7.1.3"
    },
    "marge": {
      "options": {
        "charts": true,
        "overwrite": false,
        "html": false,
        "json": true,
        "reportDir": "cypress/report/mochawesome-report"
      },
      "version": "6.2.0"
    }
  }
}