{
  "stats": {
    "suites": 0,
    "tests": 1,
    "passes": 0,
    "pending": 0,
    "failures": 1,
    "start": "2025-02-01T12:37:40.425Z",
    "end": "2025-02-01T12:37:48.992Z",
    "duration": 8567,
    "testsRegistered": 1,
    "passPercent": 0,
    "pendingPercent": 0,
    "other": 0,
    "hasOther": false,
    "skipped": 0,
    "hasSkipped": false
  },
  "results": [
    {
      "uuid": "a59f2553-b335-4a14-8701-de73bab3bc3a",
      "title": "",
      "fullFile": "cypress/e2e/Raghavpal/LearnuiTest1.cy.js",
      "file": "cypress/e2e/Raghavpal/LearnuiTest1.cy.js",
      "beforeHooks": [],
      "afterHooks": [],
      "tests": [
        {
          "title": "Google search",
          "fullTitle": "Google search",
          "timedOut": null,
          "duration": 7485,
          "state": "failed",
          "speed": null,
          "pass": false,
          "fail": true,
          "pending": false,
          "context": null,
          "code": "cy.visit('https://www.google.com', {\n  failOnStatusCode: false\n});\ncy.wait(5000);\ncy.get('#APjFqb').type('Automation step by step{Enter}');",
          "err": {
            "message": "SyntaxError: The following error originated from your application code, not from Cypress.\n\n  > Unexpected token ','\n\nWhen Cypress detects uncaught errors originating from your application it will automatically fail the current test.\n\nThis behavior is configurable, and you can choose to turn this off by listening to the `uncaught:exception` event.\n\nhttps://on.cypress.io/uncaught-exception-from-application",
            "estack": "SyntaxError: The following error originated from your application code, not from Cypress.\n\n  > Unexpected token ','\n\nWhen Cypress detects uncaught errors originating from your application it will automatically fail the current test.\n\nThis behavior is configurable, and you can choose to turn this off by listening to the `uncaught:exception` event.\n\nhttps://on.cypress.io/uncaught-exception-from-application",
            "diff": null
          },
          "uuid": "c2f634ed-acbe-4b50-9648-afe45b050bbc",
          "parentUUID": "a59f2553-b335-4a14-8701-de73bab3bc3a",
          "isHook": false,
          "skipped": false
        }
      ],
      "suites": [],
      "passes": [],
      "failures": [
        "c2f634ed-acbe-4b50-9648-afe45b050bbc"
      ],
      "pending": [],
      "skipped": [],
      "duration": 7485,
      "root": true,
      "rootEmpty": false,
      "_timeout": 2000
    }
  ],
  "meta": {
    "mocha": {
      "version": "7.0.1"
    },
    "mochawesome": {
      "options": {
        "quiet": false,
        "reportFilename": "mochawesome",
        "saveHtml": false,
        "saveJson": true,
        "consoleReporter": "spec",
        "useInlineDiffs": false,
        "code": true
      },
      "version": "7.1.3"
    },
    "marge": {
      "options": {
        "charts": true,
        "overwrite": false,
        "html": false,
        "json": true,
        "reportDir": "cypress/report/mochawesome-report"
      },
      "version": "6.2.0"
    }
  }
}