{
  "stats": {
    "suites": 1,
    "tests": 1,
    "passes": 1,
    "pending": 0,
    "failures": 0,
    "start": "2025-02-01T12:34:56.555Z",
    "end": "2025-02-01T12:34:57.290Z",
    "duration": 735,
    "testsRegistered": 1,
    "passPercent": 100,
    "pendingPercent": 0,
    "other": 0,
    "hasOther": false,
    "skipped": 0,
    "hasSkipped": false
  },
  "results": [
    {
      "uuid": "5631ea20-f81f-4920-af35-651a40c0a084",
      "title": "",
      "fullFile": "cypress/e2e/Api Testing/postcall.cy.js",
      "file": "cypress/e2e/Api Testing/postcall.cy.js",
      "beforeHooks": [],
      "afterHooks": [],
      "tests": [],
      "suites": [
        {
          "uuid": "a19d0df3-065f-40f6-ae20-db68c3a5183e",
          "title": "api testing",
          "fullFile": "",
          "file": "",
          "beforeHooks": [],
          "afterHooks": [],
          "tests": [
            {
              "title": "Approach1'-hard code json Object",
              "fullTitle": "api testing Approach1'-hard code json Object",
              "timedOut": null,
              "duration": 714,
              "state": "passed",
              "speed": "fast",
              "pass": true,
              "fail": false,
              "pending": false,
              "context": null,
              "code": "const requestBody = {\n  \"name\": \"Apple MacBook Pro 16\",\n  \"data\": {\n    \"year\": 2019,\n    \"price\": 1849.99,\n    \"CPU model\": \"Intel Core i9\",\n    \"Hard disk size\": \"1 TB\"\n  }\n};\ncy.request({\n  method: 'POST',\n  url: 'https://api.restful-api.dev/objects',\n  body: requestBody\n}).then(response => {\n  expect(response.status).to.eq(200);\n});",
              "err": {},
              "uuid": "78948bc5-43a8-467f-8869-f68adce35a61",
              "parentUUID": "a19d0df3-065f-40f6-ae20-db68c3a5183e",
              "isHook": false,
              "skipped": false
            }
          ],
          "suites": [],
          "passes": [
            "78948bc5-43a8-467f-8869-f68adce35a61"
          ],
          "failures": [],
          "pending": [],
          "skipped": [],
          "duration": 714,
          "root": false,
          "rootEmpty": false,
          "_timeout": 2000
        }
      ],
      "passes": [],
      "failures": [],
      "pending": [],
      "skipped": [],
      "duration": 0,
      "root": true,
      "rootEmpty": true,
      "_timeout": 2000
    }
  ],
  "meta": {
    "mocha": {
      "version": "7.0.1"
    },
    "mochawesome": {
      "options": {
        "quiet": false,
        "reportFilename": "mochawesome",
        "saveHtml": false,
        "saveJson": true,
        "consoleReporter": "spec",
        "useInlineDiffs": false,
        "code": true
      },
      "version": "7.1.3"
    },
    "marge": {
      "options": {
        "charts": true,
        "overwrite": false,
        "html": false,
        "json": true,
        "reportDir": "cypress/report/mochawesome-report"
      },
      "version": "6.2.0"
    }
  }
}