{
  "stats": {
    "suites": 1,
    "tests": 1,
    "passes": 1,
    "pending": 0,
    "failures": 0,
    "start": "2025-02-01T12:36:09.687Z",
    "end": "2025-02-01T12:36:15.873Z",
    "duration": 6186,
    "testsRegistered": 1,
    "passPercent": 100,
    "pendingPercent": 0,
    "other": 0,
    "hasOther": false,
    "skipped": 0,
    "hasSkipped": false
  },
  "results": [
    {
      "uuid": "66ad91e8-e19f-412d-bfe7-782b06c4cfdb",
      "title": "",
      "fullFile": "cypress/e2e/Learning web/XpathLocator.cy.js",
      "file": "cypress/e2e/Learning web/XpathLocator.cy.js",
      "beforeHooks": [],
      "afterHooks": [],
      "tests": [],
      "suites": [
        {
          "uuid": "1690eb10-06fa-4a17-89c0-613374cf1d80",
          "title": "Find Xpath from Automation practice page",
          "fullFile": "",
          "file": "",
          "beforeHooks": [],
          "afterHooks": [],
          "tests": [
            {
              "title": "Hotstar pe xpath find karna",
              "fullTitle": "Find Xpath from Automation practice page Hotstar pe xpath find karna",
              "timedOut": null,
              "duration": 4354,
              "state": "passed",
              "speed": "fast",
              "pass": true,
              "fail": false,
              "pending": false,
              "context": null,
              "code": "cy.visit(\"https://www.ebay.com\");\ncy.xpath('//*[@id=\"vl-flyout-nav\"]/ul/li[2]/a').should('have.length', 1);",
              "err": {},
              "uuid": "5cbf9353-cfc9-41a0-80bb-eacf6ce9f4c5",
              "parentUUID": "1690eb10-06fa-4a17-89c0-613374cf1d80",
              "isHook": false,
              "skipped": false
            }
          ],
          "suites": [],
          "passes": [
            "5cbf9353-cfc9-41a0-80bb-eacf6ce9f4c5"
          ],
          "failures": [],
          "pending": [],
          "skipped": [],
          "duration": 4354,
          "root": false,
          "rootEmpty": false,
          "_timeout": 2000
        }
      ],
      "passes": [],
      "failures": [],
      "pending": [],
      "skipped": [],
      "duration": 0,
      "root": true,
      "rootEmpty": true,
      "_timeout": 2000
    }
  ],
  "meta": {
    "mocha": {
      "version": "7.0.1"
    },
    "mochawesome": {
      "options": {
        "quiet": false,
        "reportFilename": "mochawesome",
        "saveHtml": false,
        "saveJson": true,
        "consoleReporter": "spec",
        "useInlineDiffs": false,
        "code": true
      },
      "version": "7.1.3"
    },
    "marge": {
      "options": {
        "charts": true,
        "overwrite": false,
        "html": false,
        "json": true,
        "reportDir": "cypress/report/mochawesome-report"
      },
      "version": "6.2.0"
    }
  }
}