{
  "stats": {
    "suites": 1,
    "tests": 1,
    "passes": 0,
    "pending": 0,
    "failures": 1,
    "start": "2025-02-01T12:05:35.541Z",
    "end": "2025-02-01T12:05:36.318Z",
    "duration": 777,
    "testsRegistered": 1,
    "passPercent": 0,
    "pendingPercent": 0,
    "other": 0,
    "hasOther": false,
    "skipped": 0,
    "hasSkipped": false
  },
  "results": [
    {
      "uuid": "998f1204-942f-4c81-b655-4602f0460e74",
      "title": "",
      "fullFile": "cypress/e2e/Learning web/mongo.cy.js",
      "file": "cypress/e2e/Learning web/mongo.cy.js",
      "beforeHooks": [],
      "afterHooks": [],
      "tests": [],
      "suites": [
        {
          "uuid": "c17e1bd2-fe69-4bc6-831c-6ad2779c4cac",
          "title": "test feeds are available",
          "fullFile": "",
          "file": "",
          "beforeHooks": [],
          "afterHooks": [],
          "tests": [
            {
              "title": "visit feed",
              "fullTitle": "test feeds are available visit feed",
              "timedOut": null,
              "duration": 765,
              "state": "failed",
              "speed": null,
              "pass": false,
              "fail": true,
              "pending": false,
              "context": null,
              "code": "cy.visit(\"http://localhost:3000\");",
              "err": {
                "message": "CypressError: `cy.visit()` failed trying to load:\n\nhttp://localhost:3000/\n\nWe attempted to make an http request to this URL but the request failed without a response.\n\nWe received this error at the network level:\n\n  > AggregateError\n\nCommon situations why this would fail:\n  - you don't have internet access\n  - you forgot to run / boot your web server\n  - your web server isn't accessible\n  - you have weird network configuration settings on your computer",
                "estack": "CypressError: `cy.visit()` failed trying to load:\n\nhttp://localhost:3000/\n\nWe attempted to make an http request to this URL but the request failed without a response.\n\nWe received this error at the network level:\n\n  > AggregateError\n\nCommon situations why this would fail:\n  - you don't have internet access\n  - you forgot to run / boot your web server\n  - your web server isn't accessible\n  - you have weird network configuration settings on your computer\n    at <unknown> (http://localhost:49563/__cypress/runner/cypress_runner.js:130714:74)\n    at visitFailedByErr (http://localhost:49563/__cypress/runner/cypress_runner.js:130104:12)\n    at <unknown> (http://localhost:49563/__cypress/runner/cypress_runner.js:130713:11)\n    at tryCatcher (http://localhost:49563/__cypress/runner/cypress_runner.js:1777:23)\n    at Promise._settlePromiseFromHandler (http://localhost:49563/__cypress/runner/cypress_runner.js:1489:31)\n    at Promise._settlePromise (http://localhost:49563/__cypress/runner/cypress_runner.js:1546:18)\n    at Promise._settlePromise0 (http://localhost:49563/__cypress/runner/cypress_runner.js:1591:10)\n    at Promise._settlePromises (http://localhost:49563/__cypress/runner/cypress_runner.js:1667:18)\n    at _drainQueueStep (http://localhost:49563/__cypress/runner/cypress_runner.js:2377:12)\n    at _drainQueue (http://localhost:49563/__cypress/runner/cypress_runner.js:2370:9)\n    at Async._drainQueues (http://localhost:49563/__cypress/runner/cypress_runner.js:2386:5)\n    at Async.drainQueues (http://localhost:49563/__cypress/runner/cypress_runner.js:2256:14)\nFrom Your Spec Code:\n    at Context.eval (webpack://cypressautomation/./cypress/e2e/Learning web/mongo.cy.js:4:11)\n\nFrom Node.js Internals:\n  AggregateError [ECONNREFUSED]: \n      at internalConnectMultiple (node:net:1122:18)\n      at afterConnectMultiple (node:net:1689:7)",
                "diff": null
              },
              "uuid": "ee5f1cde-3e58-4ac9-b259-a432793a4998",
              "parentUUID": "c17e1bd2-fe69-4bc6-831c-6ad2779c4cac",
              "isHook": false,
              "skipped": false
            }
          ],
          "suites": [],
          "passes": [],
          "failures": [
            "ee5f1cde-3e58-4ac9-b259-a432793a4998"
          ],
          "pending": [],
          "skipped": [],
          "duration": 765,
          "root": false,
          "rootEmpty": false,
          "_timeout": 2000
        }
      ],
      "passes": [],
      "failures": [],
      "pending": [],
      "skipped": [],
      "duration": 0,
      "root": true,
      "rootEmpty": true,
      "_timeout": 2000
    }
  ],
  "meta": {
    "mocha": {
      "version": "7.0.1"
    },
    "mochawesome": {
      "options": {
        "quiet": false,
        "reportFilename": "mochawesome",
        "saveHtml": false,
        "saveJson": true,
        "consoleReporter": "spec",
        "useInlineDiffs": false,
        "code": true
      },
      "version": "7.1.3"
    },
    "marge": {
      "options": {
        "charts": true,
        "overwrite": false,
        "html": false,
        "json": true,
        "reportDir": "cypress/report/mochawesome-report"
      },
      "version": "6.2.0"
    }
  }
}