{
  "stats": {
    "suites": 1,
    "tests": 1,
    "passes": 1,
    "pending": 0,
    "failures": 0,
    "start": "2025-02-01T12:03:31.915Z",
    "end": "2025-02-01T12:03:34.951Z",
    "duration": 3036,
    "testsRegistered": 1,
    "passPercent": 100,
    "pendingPercent": 0,
    "other": 0,
    "hasOther": false,
    "skipped": 0,
    "hasSkipped": false
  },
  "results": [
    {
      "uuid": "816a8937-6ea5-49bb-b178-19a6e90ec110",
      "title": "",
      "fullFile": "cypress/e2e/Learning web/Fileupload.cy.js",
      "file": "cypress/e2e/Learning web/Fileupload.cy.js",
      "beforeHooks": [],
      "afterHooks": [],
      "tests": [],
      "suites": [
        {
          "uuid": "7961c8f8-17f2-4150-be36-8bc26d8e043a",
          "title": "file upload",
          "fullFile": "",
          "file": "",
          "beforeHooks": [],
          "afterHooks": [],
          "tests": [
            {
              "title": "File upload- rename",
              "fullTitle": "file upload File upload- rename",
              "timedOut": null,
              "duration": 2110,
              "state": "passed",
              "speed": "fast",
              "pass": true,
              "fail": false,
              "pending": false,
              "context": null,
              "code": "cy.visit('https://the-internet.herokuapp.com/upload');\ncy.get('#file-upload').attachFile({\n  filePath: 'customer.csv',\n  fileName: 'Myfile.csv'\n});\ncy.get('#file-submit').click();\ncy.wait(200);\ncy.get('#content > div > h3').should('have.text', 'File Uploaded!');",
              "err": {},
              "uuid": "0574f562-6406-460f-9fc0-938589e023ff",
              "parentUUID": "7961c8f8-17f2-4150-be36-8bc26d8e043a",
              "isHook": false,
              "skipped": false
            }
          ],
          "suites": [],
          "passes": [
            "0574f562-6406-460f-9fc0-938589e023ff"
          ],
          "failures": [],
          "pending": [],
          "skipped": [],
          "duration": 2110,
          "root": false,
          "rootEmpty": false,
          "_timeout": 2000
        }
      ],
      "passes": [],
      "failures": [],
      "pending": [],
      "skipped": [],
      "duration": 0,
      "root": true,
      "rootEmpty": true,
      "_timeout": 2000
    }
  ],
  "meta": {
    "mocha": {
      "version": "7.0.1"
    },
    "mochawesome": {
      "options": {
        "quiet": false,
        "reportFilename": "mochawesome",
        "saveHtml": false,
        "saveJson": true,
        "consoleReporter": "spec",
        "useInlineDiffs": false,
        "code": true
      },
      "version": "7.1.3"
    },
    "marge": {
      "options": {
        "charts": true,
        "overwrite": false,
        "html": false,
        "json": true,
        "reportDir": "cypress/report/mochawesome-report"
      },
      "version": "6.2.0"
    }
  }
}