{
  "stats": {
    "suites": 1,
    "tests": 1,
    "passes": 0,
    "pending": 0,
    "failures": 1,
    "start": "2025-02-01T12:37:27.653Z",
    "end": "2025-02-01T12:37:35.993Z",
    "duration": 8340,
    "testsRegistered": 1,
    "passPercent": 0,
    "pendingPercent": 0,
    "other": 0,
    "hasOther": false,
    "skipped": 0,
    "hasSkipped": false
  },
  "results": [
    {
      "uuid": "74530652-da5b-4842-9c3f-e42f4c05dd05",
      "title": "",
      "fullFile": "cypress/e2e/Learning web/frame.cy.js",
      "file": "cypress/e2e/Learning web/frame.cy.js",
      "beforeHooks": [],
      "afterHooks": [],
      "tests": [],
      "suites": [
        {
          "uuid": "03a0a77f-058f-4e55-8422-3612c96d1da5",
          "title": "Handling Frame",
          "fullFile": "",
          "file": "",
          "beforeHooks": [],
          "afterHooks": [],
          "tests": [
            {
              "title": "approach -1",
              "fullTitle": "Handling Frame approach -1",
              "timedOut": null,
              "duration": 7423,
              "state": "failed",
              "speed": null,
              "pass": false,
              "fail": true,
              "pending": false,
              "context": null,
              "code": "cy.visit('https://the-internet.herokuapp.com/iframe');\nconst iframe = cy.get('#mce_0_ifr').its('0.contentDocument.body').should('be.visible').then(cy.wrap);\niframe.clear().type('welcome');",
              "err": {
                "message": "CypressError: Timed out retrying after 4000ms: `cy.clear()` failed because it requires a valid clearable element.\n\nThe element cleared was:\n\n  > `<body id=\"tinymce\" class=\"mce-content-body mce-content-readonly\" data-id=\"mce_0\" aria-label=\"Rich Text Area. Press ALT-0 for help.\" spellcheck=\"false\" contenteditable=\"false\">...</body>`\n\nA clearable element matches one of the following selectors:\n  'a[href]'\n  'area[href]'\n  'input'\n  'select'\n  'textarea'\n  'button'\n  'iframe'\n  '[tabindex]'\n  '[contenteditable]'\n\nhttps://on.cypress.io/clear",
                "estack": "CypressError: Timed out retrying after 4000ms: `cy.clear()` failed because it requires a valid clearable element.\n\nThe element cleared was:\n\n  > `<body id=\"tinymce\" class=\"mce-content-body mce-content-readonly\" data-id=\"mce_0\" aria-label=\"Rich Text Area. Press ALT-0 for help.\" spellcheck=\"false\" contenteditable=\"false\">...</body>`\n\nA clearable element matches one of the following selectors:\n  'a[href]'\n  'area[href]'\n  'input'\n  'select'\n  'textarea'\n  'button'\n  'iframe'\n  '[tabindex]'\n  '[contenteditable]'\n\nhttps://on.cypress.io/clear\n    at throwError (https://the-internet.herokuapp.com/__cypress/runner/cypress_runner.js:114854:70)\n    at onReady (https://the-internet.herokuapp.com/__cypress/runner/cypress_runner.js:114878:15)\n    at runAllChecks (https://the-internet.herokuapp.com/__cypress/runner/cypress_runner.js:112324:14)\n    at retryActionability (https://the-internet.herokuapp.com/__cypress/runner/cypress_runner.js:112346:16)\n    at tryCatcher (https://the-internet.herokuapp.com/__cypress/runner/cypress_runner.js:1777:23)\n    at Promise.attempt.Promise.try (https://the-internet.herokuapp.com/__cypress/runner/cypress_runner.js:4285:29)\n    at whenStable (https://the-internet.herokuapp.com/__cypress/runner/cypress_runner.js:142849:68)\n    at <unknown> (https://the-internet.herokuapp.com/__cypress/runner/cypress_runner.js:142790:14)\n    at tryCatcher (https://the-internet.herokuapp.com/__cypress/runner/cypress_runner.js:1777:23)\n    at Promise._settlePromiseFromHandler (https://the-internet.herokuapp.com/__cypress/runner/cypress_runner.js:1489:31)\n    at Promise._settlePromise (https://the-internet.herokuapp.com/__cypress/runner/cypress_runner.js:1546:18)\n    at Promise._settlePromise0 (https://the-internet.herokuapp.com/__cypress/runner/cypress_runner.js:1591:10)\n    at Promise._settlePromises (https://the-internet.herokuapp.com/__cypress/runner/cypress_runner.js:1671:18)\n    at Promise._fulfill (https://the-internet.herokuapp.com/__cypress/runner/cypress_runner.js:1615:18)\n    at <unknown> (https://the-internet.herokuapp.com/__cypress/runner/cypress_runner.js:5420:46)\nFrom Your Spec Code:\n    at captureUserInvocationStack (https://the-internet.herokuapp.com/__cypress/runner/cypress_runner.js:138199:94)\n    at $Cy.expect (https://the-internet.herokuapp.com/__cypress/runner/cypress_runner.js:138237:7)\n    at Context.shouldFn (https://the-internet.herokuapp.com/__cypress/runner/cypress_runner.js:117789:18)\n    at Context.should (https://the-internet.herokuapp.com/__cypress/runner/cypress_runner.js:117903:23)\n    at <unknown> (https://the-internet.herokuapp.com/__cypress/runner/cypress_runner.js:142119:39)\n    at assertions (https://the-internet.herokuapp.com/__cypress/runner/cypress_runner.js:142367:16)\n    at tryCatcher (https://the-internet.herokuapp.com/__cypress/runner/cypress_runner.js:1777:23)\n    at Object.gotValue (https://the-internet.herokuapp.com/__cypress/runner/cypress_runner.js:6448:18)\n    at Object.gotAccum (https://the-internet.herokuapp.com/__cypress/runner/cypress_runner.js:6435:25)\n    at Object.tryCatcher (https://the-internet.herokuapp.com/__cypress/runner/cypress_runner.js:1777:23)",
                "diff": null
              },
              "uuid": "eeeebe9d-324e-42f8-aece-feeccb236723",
              "parentUUID": "03a0a77f-058f-4e55-8422-3612c96d1da5",
              "isHook": false,
              "skipped": false
            }
          ],
          "suites": [],
          "passes": [],
          "failures": [
            "eeeebe9d-324e-42f8-aece-feeccb236723"
          ],
          "pending": [],
          "skipped": [],
          "duration": 7423,
          "root": false,
          "rootEmpty": false,
          "_timeout": 2000
        }
      ],
      "passes": [],
      "failures": [],
      "pending": [],
      "skipped": [],
      "duration": 0,
      "root": true,
      "rootEmpty": true,
      "_timeout": 2000
    }
  ],
  "meta": {
    "mocha": {
      "version": "7.0.1"
    },
    "mochawesome": {
      "options": {
        "quiet": false,
        "reportFilename": "mochawesome",
        "saveHtml": false,
        "saveJson": true,
        "consoleReporter": "spec",
        "useInlineDiffs": false,
        "code": true
      },
      "version": "7.1.3"
    },
    "marge": {
      "options": {
        "charts": true,
        "overwrite": false,
        "html": false,
        "json": true,
        "reportDir": "cypress/report/mochawesome-report"
      },
      "version": "6.2.0"
    }
  }
}