{
  "stats": {
    "suites": 1,
    "tests": 6,
    "passes": 6,
    "pending": 1,
    "failures": -1,
    "start": "2025-02-01T12:34:58.284Z",
    "end": "2025-02-01T12:35:04.409Z",
    "duration": 6125,
    "testsRegistered": 7,
    "passPercent": 100,
    "pendingPercent": 14.285714285714285,
    "other": 1,
    "hasOther": true,
    "skipped": 0,
    "hasSkipped": false
  },
  "results": [
    {
      "uuid": "f00d4afa-1029-48a7-8873-9a181ef78fb5",
      "title": "",
      "fullFile": "cypress/e2e/Learning web/Alerts.cy.js",
      "file": "cypress/e2e/Learning web/Alerts.cy.js",
      "beforeHooks": [],
      "afterHooks": [],
      "tests": [],
      "suites": [
        {
          "uuid": "1dc80c8a-035f-49bf-bce9-b29c6d878cb6",
          "title": "Alerts",
          "fullFile": "",
          "file": "",
          "beforeHooks": [],
          "afterHooks": [],
          "tests": [
            {
              "title": "Js alerts",
              "fullTitle": "Alerts Js alerts",
              "timedOut": null,
              "duration": 2329,
              "state": "passed",
              "speed": "fast",
              "pass": true,
              "fail": false,
              "pending": false,
              "context": null,
              "code": "cy.visit(\"https://the-internet.herokuapp.com/javascript_alerts\");\ncy.get('[onclick=\"jsAlert()\"]').click();\ncy.on('window:alert', t => {\n  expect(t).to.contains(\"I am a JS Alert\");\n});\n// alert window automatically closed by cypress\ncy.get('#result').should('have.text', 'You successfully clicked an alert');",
              "err": {},
              "uuid": "52fa5305-1557-410f-877b-45c2ddf4ab9b",
              "parentUUID": "1dc80c8a-035f-49bf-bce9-b29c6d878cb6",
              "isHook": false,
              "skipped": false
            },
            {
              "title": "Js confirm",
              "fullTitle": "Alerts Js confirm",
              "timedOut": null,
              "duration": 373,
              "state": "passed",
              "speed": "fast",
              "pass": true,
              "fail": false,
              "pending": false,
              "context": null,
              "code": "//   Ok button \ncy.visit(\"https://the-internet.herokuapp.com/javascript_alerts\");\ncy.get('[onclick=\"jsConfirm()\"]').click();\ncy.on('window:confirm', t => {\n  expect(t).to.contains(\"I am a JS Confirm\");\n});\n// alert window automatically closed by cypress using OK button by default \ncy.get('#result').should('have.text', 'You clicked: Ok');",
              "err": {},
              "uuid": "23085a07-7a1d-4b25-a2a0-2abf6a9d5670",
              "parentUUID": "1dc80c8a-035f-49bf-bce9-b29c6d878cb6",
              "isHook": false,
              "skipped": false
            },
            {
              "title": "Js confirm",
              "fullTitle": "Alerts Js confirm",
              "timedOut": null,
              "duration": 361,
              "state": "passed",
              "speed": "fast",
              "pass": true,
              "fail": false,
              "pending": false,
              "context": null,
              "code": "// using cancel\ncy.visit(\"https://the-internet.herokuapp.com/javascript_alerts\");\ncy.get('[onclick=\"jsConfirm()\"]').click();\ncy.on('window:confirm', t => {\n  expect(t).to.contains(\"I am a JS Confirm\");\n});\ncy.on('window:confirm', () => false); //    cypress close alert window using cancel buttons\ncy.get('#result').should('have.text', 'You clicked: Cancel');",
              "err": {},
              "uuid": "2880ea6c-cbec-4d3b-b02f-aea1e51f41d5",
              "parentUUID": "1dc80c8a-035f-49bf-bce9-b29c6d878cb6",
              "isHook": false,
              "skipped": false
            },
            {
              "title": "Js prompt Alert",
              "fullTitle": "Alerts Js prompt Alert",
              "timedOut": null,
              "duration": 579,
              "state": "passed",
              "speed": "fast",
              "pass": true,
              "fail": false,
              "pending": false,
              "context": null,
              "code": "cy.visit(\"https://the-internet.herokuapp.com/javascript_alerts\");\ncy.window().then(win => {\n  cy.stub(win, 'prompt').returns('welcome');\n});\ncy.get('[onclick=\"jsPrompt()\"]').click(); //  cypress by default close alert by using ok button\ncy.get('#result').should('have.text', 'You entered: welcome');",
              "err": {},
              "uuid": "62852712-32f7-4dca-b131-9555c5543181",
              "parentUUID": "1dc80c8a-035f-49bf-bce9-b29c6d878cb6",
              "isHook": false,
              "skipped": false
            },
            {
              "title": "Js prompt Alert",
              "fullTitle": "Alerts Js prompt Alert",
              "timedOut": null,
              "duration": 0,
              "state": "pending",
              "speed": null,
              "pass": false,
              "fail": false,
              "pending": true,
              "context": null,
              "code": "cy.visit(\"https://the-internet.herokuapp.com/javascript_alerts\");\ncy.window().then(win => {\n  cy.stub(win, 'prompt').returns('welcome');\n});\ncy.get('[onclick=\"jsPrompt()\"]').click();\n//  cy.on('window:prompt',() => false)//    cypress close alert window using cancel buttons\ncy.get('#result').should('have.text', 'You entered: null');",
              "err": {},
              "uuid": "167c83b0-f351-4ecc-aa2b-9e55a83556d5",
              "parentUUID": "1dc80c8a-035f-49bf-bce9-b29c6d878cb6",
              "isHook": false,
              "skipped": false
            },
            {
              "title": "Js prompt Alert",
              "fullTitle": "Alerts Js prompt Alert",
              "timedOut": null,
              "duration": 290,
              "state": "passed",
              "speed": "fast",
              "pass": true,
              "fail": false,
              "pending": false,
              "context": null,
              "code": "// approach 1 we can pass username pass in url in json format\ncy.visit(\"https://the-internet.herokuapp.com/basic_auth\", {\n  auth: {\n    username: 'admin',\n    password: 'admin'\n  }\n});\ncy.get('[class=\"example\"]').should('have.contain', 'Congratulations! You must have the proper credentials.');",
              "err": {},
              "uuid": "208a7f39-1ab1-4413-8f4c-8ffc3fcc23c6",
              "parentUUID": "1dc80c8a-035f-49bf-bce9-b29c6d878cb6",
              "isHook": false,
              "skipped": false
            },
            {
              "title": "Js prompt Alert",
              "fullTitle": "Alerts Js prompt Alert",
              "timedOut": null,
              "duration": 279,
              "state": "passed",
              "speed": "fast",
              "pass": true,
              "fail": false,
              "pending": false,
              "context": null,
              "code": "// approach 1 we can pass username pass in url in json format\ncy.visit(\"https://admin:admin@the-internet.herokuapp.com/basic_auth\");\ncy.get('[class=\"example\"]').should('have.contain', 'Congratulations! You must have the proper credentials.');",
              "err": {},
              "uuid": "182c7f03-89d5-4d33-9a19-22c5548a234f",
              "parentUUID": "1dc80c8a-035f-49bf-bce9-b29c6d878cb6",
              "isHook": false,
              "skipped": false
            }
          ],
          "suites": [],
          "passes": [
            "52fa5305-1557-410f-877b-45c2ddf4ab9b",
            "23085a07-7a1d-4b25-a2a0-2abf6a9d5670",
            "2880ea6c-cbec-4d3b-b02f-aea1e51f41d5",
            "62852712-32f7-4dca-b131-9555c5543181",
            "208a7f39-1ab1-4413-8f4c-8ffc3fcc23c6",
            "182c7f03-89d5-4d33-9a19-22c5548a234f"
          ],
          "failures": [],
          "pending": [
            "167c83b0-f351-4ecc-aa2b-9e55a83556d5"
          ],
          "skipped": [],
          "duration": 4211,
          "root": false,
          "rootEmpty": false,
          "_timeout": 2000
        }
      ],
      "passes": [],
      "failures": [],
      "pending": [],
      "skipped": [],
      "duration": 0,
      "root": true,
      "rootEmpty": true,
      "_timeout": 2000
    }
  ],
  "meta": {
    "mocha": {
      "version": "7.0.1"
    },
    "mochawesome": {
      "options": {
        "quiet": false,
        "reportFilename": "mochawesome",
        "saveHtml": false,
        "saveJson": true,
        "consoleReporter": "spec",
        "useInlineDiffs": false,
        "code": true
      },
      "version": "7.1.3"
    },
    "marge": {
      "options": {
        "charts": true,
        "overwrite": false,
        "html": false,
        "json": true,
        "reportDir": "cypress/report/mochawesome-report"
      },
      "version": "6.2.0"
    }
  }
}