{
  "stats": {
    "suites": 1,
    "tests": 2,
    "passes": 0,
    "pending": 0,
    "failures": 2,
    "start": "2025-02-01T12:03:10.492Z",
    "end": "2025-02-01T12:03:23.762Z",
    "duration": 13270,
    "testsRegistered": 2,
    "passPercent": 0,
    "pendingPercent": 0,
    "other": 0,
    "hasOther": false,
    "skipped": 0,
    "hasSkipped": false
  },
  "results": [
    {
      "uuid": "1bbc7dcd-8204-406b-ad6f-09c124d8d096",
      "title": "",
      "fullFile": "cypress/e2e/Learning web/Assertion.cy.js",
      "file": "cypress/e2e/Learning web/Assertion.cy.js",
      "beforeHooks": [],
      "afterHooks": [],
      "tests": [],
      "suites": [
        {
          "uuid": "7783bc9f-1927-45bb-9b4a-ab277695361a",
          "title": "Assertion on this TC",
          "fullFile": "",
          "file": "",
          "beforeHooks": [],
          "afterHooks": [],
          "tests": [
            {
              "title": "Assertion implicit",
              "fullTitle": "Assertion on this TC Assertion implicit",
              "timedOut": null,
              "duration": 7251,
              "state": "failed",
              "speed": null,
              "pass": false,
              "fail": true,
              "pending": false,
              "context": null,
              "code": "cy.visit(\"https://opensource-demo.orangehrmlive.com/\");\n// should and\n// cy.url().should('include','orangehrmlive.com')\n// cy.url().should('eq','https://opensource-demo.orangehrmlive.com/web/index.php/auth/login')\n// cy.url().should('contain','orangehrmlive')\n//  cy.url().should('include','orangehrmlive.com')\n//   .should('eq','https://opensource-demo.orangehrmlive.com/web/index.php/auth/login')\n//  .should('contain','orangehrmlive')\ncy.url().should('include', 'orangehrmlive.com').and('eq', 'https://opensource-demo.orangehrmlive.com/web/index.php/auth/login').and('contain', 'orangehrmlive').and('not.contain', 'amit');\ncy.title().should('include', 'Orange').and('eq', \"OrangeHRM\");\ncy.get('.orangehrm-login-branding > img').should('be.visible').and('exist');\ncy.xpath('//a').should('have.length', 7); // No of links\ncy.get('[placeholder=\"Username\"]').type('Admin') // provide value into inputbox\n.should('have.value', 'Admin'); //value",
              "err": {
                "message": "AssertionError: Timed out retrying after 4000ms: Not enough elements found. Found '5', expected '7'.",
                "estack": "AssertionError: Timed out retrying after 4000ms: Not enough elements found. Found '5', expected '7'.\n    at Context.eval (webpack://cypressautomation/./cypress/e2e/Learning web/Assertion.cy.js:24:29)",
                "diff": "- 5\n+ 7\n"
              },
              "uuid": "0a33945b-e72b-4275-bea6-b3d448efea45",
              "parentUUID": "7783bc9f-1927-45bb-9b4a-ab277695361a",
              "isHook": false,
              "skipped": false
            },
            {
              "title": "Assertion Explicit",
              "fullTitle": "Assertion on this TC Assertion Explicit",
              "timedOut": null,
              "duration": 4154,
              "state": "failed",
              "speed": null,
              "pass": false,
              "fail": true,
              "pending": false,
              "context": null,
              "code": "cy.visit(\"https://opensource-demo.orangehrmlive.com/\");\ncy.get('[placeholder=\"Username\"]').type('Admin');\ncy.get('[placeholder=\"Password\"]').type('admin123');\ncy.get('[type=\"submit\"]').click();\nlet expname = \"Sakshi Tiwari\";\ncy.get(\".oxd-userdropdown-name\").then(x => {\n  let actname = x.text();\n  //BDD style\n  expect(actname).to.equal(expname);\n  expect(actname).to.not.equal(expname);\n  //TDD style\n  assert.equal(actname, expname);\n  assert.notEqual(actname, expname);\n});",
              "err": {
                "message": "AssertionError: expected 'manda user' to equal 'Sakshi Tiwari'",
                "estack": "AssertionError: expected 'manda user' to equal 'Sakshi Tiwari'\n    at captureUserInvocationStack (https://opensource-demo.orangehrmlive.com/__cypress/runner/cypress_runner.js:138199:94)\n    at Proxy.<anonymous> (https://opensource-demo.orangehrmlive.com/__cypress/runner/cypress_runner.js:138227:9)\n    at Proxy.assertEqual (https://opensource-demo.orangehrmlive.com/__cypress/runner/cypress_runner.js:79824:12)\n    at Proxy.methodWrapper (https://opensource-demo.orangehrmlive.com/__cypress/runner/cypress_runner.js:77670:25)\n    at Context.eval (webpack://cypressautomation/./cypress/e2e/Learning web/Assertion.cy.js:47:31)\n    at getRet (https://opensource-demo.orangehrmlive.com/__cypress/runner/cypress_runner.js:118320:20)\n    at tryCatcher (https://opensource-demo.orangehrmlive.com/__cypress/runner/cypress_runner.js:1777:23)\n    at Promise.attempt.Promise.try (https://opensource-demo.orangehrmlive.com/__cypress/runner/cypress_runner.js:4285:29)\n    at Context.thenFn (https://opensource-demo.orangehrmlive.com/__cypress/runner/cypress_runner.js:118331:66)\n    at Context.then (https://opensource-demo.orangehrmlive.com/__cypress/runner/cypress_runner.js:118582:21)",
                "diff": "- 'manda user'\n+ 'Sakshi Tiwari'\n"
              },
              "uuid": "91463b86-c873-443f-98ee-6232e28bb9b2",
              "parentUUID": "7783bc9f-1927-45bb-9b4a-ab277695361a",
              "isHook": false,
              "skipped": false
            }
          ],
          "suites": [],
          "passes": [],
          "failures": [
            "0a33945b-e72b-4275-bea6-b3d448efea45",
            "91463b86-c873-443f-98ee-6232e28bb9b2"
          ],
          "pending": [],
          "skipped": [],
          "duration": 11405,
          "root": false,
          "rootEmpty": false,
          "_timeout": 2000
        }
      ],
      "passes": [],
      "failures": [],
      "pending": [],
      "skipped": [],
      "duration": 0,
      "root": true,
      "rootEmpty": true,
      "_timeout": 2000
    }
  ],
  "meta": {
    "mocha": {
      "version": "7.0.1"
    },
    "mochawesome": {
      "options": {
        "quiet": false,
        "reportFilename": "mochawesome",
        "saveHtml": false,
        "saveJson": true,
        "consoleReporter": "spec",
        "useInlineDiffs": false,
        "code": true
      },
      "version": "7.1.3"
    },
    "marge": {
      "options": {
        "charts": true,
        "overwrite": false,
        "html": false,
        "json": true,
        "reportDir": "cypress/report/mochawesome-report"
      },
      "version": "6.2.0"
    }
  }
}