{
  "stats": {
    "suites": 0,
    "tests": 1,
    "passes": 0,
    "pending": 1,
    "failures": 0,
    "start": "2025-02-01T12:05:52.636Z",
    "end": "2025-02-01T12:05:52.646Z",
    "duration": 10,
    "testsRegistered": 1,
    "passPercent": null,
    "pendingPercent": 100,
    "other": 0,
    "hasOther": false,
    "skipped": 0,
    "hasSkipped": false
  },
  "results": [
    {
      "uuid": "d0ae136f-53e6-47ec-b201-4c25cb20b26a",
      "title": "",
      "fullFile": "cypress/e2e/Raghavpal/readwritefiledemo.cy.js",
      "file": "cypress/e2e/Raghavpal/readwritefiledemo.cy.js",
      "beforeHooks": [],
      "afterHooks": [],
      "tests": [
        {
          "title": "Read files using Fixture",
          "fullTitle": "Read files using Fixture",
          "timedOut": null,
          "duration": 0,
          "state": "pending",
          "speed": null,
          "pass": false,
          "fail": false,
          "pending": true,
          "context": null,
          "code": "cy.fixture(\"example.json\").then(data => {\n  cy.log(data.name);\n  cy.log(data.email);\n});\nit.skip('Read files using readfile', () => {\n  cy.readFile('example').then(data => {\n    cy.log(data.name);\n  });\n});\nit('write file demo ', () => {\n  cy.writeFile('./cypresssample.txt', 'Hello i am Learner ');\n  cy.writeFile('sample.txt', 'Hello i am nothing ', {\n    flag: 'a+'\n  });\n});",
          "err": {},
          "uuid": "15c74a1b-9970-402c-8224-a12b93da0ca2",
          "parentUUID": "d0ae136f-53e6-47ec-b201-4c25cb20b26a",
          "isHook": false,
          "skipped": false
        }
      ],
      "suites": [],
      "passes": [],
      "failures": [],
      "pending": [
        "15c74a1b-9970-402c-8224-a12b93da0ca2"
      ],
      "skipped": [],
      "duration": 0,
      "root": true,
      "rootEmpty": false,
      "_timeout": 2000
    }
  ],
  "meta": {
    "mocha": {
      "version": "7.0.1"
    },
    "mochawesome": {
      "options": {
        "quiet": false,
        "reportFilename": "mochawesome",
        "saveHtml": false,
        "saveJson": true,
        "consoleReporter": "spec",
        "useInlineDiffs": false,
        "code": true
      },
      "version": "7.1.3"
    },
    "marge": {
      "options": {
        "charts": true,
        "overwrite": false,
        "html": false,
        "json": true,
        "reportDir": "cypress/report/mochawesome-report"
      },
      "version": "6.2.0"
    }
  }
}