{
  "stats": {
    "suites": 1,
    "tests": 2,
    "passes": 2,
    "pending": 0,
    "failures": 0,
    "start": "2025-02-01T12:35:56.823Z",
    "end": "2025-02-01T12:36:08.953Z",
    "duration": 12130,
    "testsRegistered": 2,
    "passPercent": 100,
    "pendingPercent": 0,
    "other": 0,
    "hasOther": false,
    "skipped": 0,
    "hasSkipped": false
  },
  "results": [
    {
      "uuid": "390d7d5a-d454-4c71-9706-0d95ef7c81fd",
      "title": "",
      "fullFile": "cypress/e2e/Learning web/Radiobutton & Checkbox.cy.js",
      "file": "cypress/e2e/Learning web/Radiobutton & Checkbox.cy.js",
      "beforeHooks": [],
      "afterHooks": [],
      "tests": [],
      "suites": [
        {
          "uuid": "bde91493-d264-471a-bfe9-ae285171a3cd",
          "title": "Radio button check ui",
          "fullFile": "",
          "file": "",
          "beforeHooks": [],
          "afterHooks": [],
          "tests": [
            {
              "title": "checking radio button",
              "fullTitle": "Radio button check ui checking radio button",
              "timedOut": null,
              "duration": 4313,
              "state": "passed",
              "speed": "fast",
              "pass": true,
              "fail": false,
              "pending": false,
              "context": null,
              "code": "cy.visit(\"https://testautomationpractice.blogspot.com\");\n//visibility of radio buttons\ncy.get('#male').should('be.visible');\ncy.get('#female').should('be.visible');\n//selecting of radio buttons\ncy.get('#male').check().should('be.checked');\ncy.get('#female').should('not.be.checked');\ncy.get('#female').check().should('be.checked');\ncy.get('#male').should('not.be.checked');",
              "err": {},
              "uuid": "b47c46e3-cd12-4bfd-bec8-b432d0b803e3",
              "parentUUID": "bde91493-d264-471a-bfe9-ae285171a3cd",
              "isHook": false,
              "skipped": false
            },
            {
              "title": "checking Checkbox ",
              "fullTitle": "Radio button check ui checking Checkbox ",
              "timedOut": null,
              "duration": 5536,
              "state": "passed",
              "speed": "medium",
              "pass": true,
              "fail": false,
              "pending": false,
              "context": null,
              "code": "cy.visit(\"https://testautomationpractice.blogspot.com\");\n//visibility of  checkbox\ncy.get('#monday').should('be.visible');\n//selecting of checkbox \ncy.get('#monday').check().should('be.checked');\n// unselection\ncy.get('#monday').uncheck().should('not.be.checked');\n//selecting all the checbox\ncy.get('input.form-check-input[type=\"checkbox\"]').check().should('be.checked');\ncy.get('input.form-check-input[type=\"checkbox\"]').uncheck().should('not.be.checked');\n//select first checbox\ncy.get('input.form-check-input[type=\"checkbox\"]').first().check();\n//select last checbox\ncy.get('input.form-check-input[type=\"checkbox\"]').last().check();",
              "err": {},
              "uuid": "95877333-434b-4656-8148-9a2babcfa55e",
              "parentUUID": "bde91493-d264-471a-bfe9-ae285171a3cd",
              "isHook": false,
              "skipped": false
            }
          ],
          "suites": [],
          "passes": [
            "b47c46e3-cd12-4bfd-bec8-b432d0b803e3",
            "95877333-434b-4656-8148-9a2babcfa55e"
          ],
          "failures": [],
          "pending": [],
          "skipped": [],
          "duration": 9849,
          "root": false,
          "rootEmpty": false,
          "_timeout": 2000
        }
      ],
      "passes": [],
      "failures": [],
      "pending": [],
      "skipped": [],
      "duration": 0,
      "root": true,
      "rootEmpty": true,
      "_timeout": 2000
    }
  ],
  "meta": {
    "mocha": {
      "version": "7.0.1"
    },
    "mochawesome": {
      "options": {
        "quiet": false,
        "reportFilename": "mochawesome",
        "saveHtml": false,
        "saveJson": true,
        "consoleReporter": "spec",
        "useInlineDiffs": false,
        "code": true
      },
      "version": "7.1.3"
    },
    "marge": {
      "options": {
        "charts": true,
        "overwrite": false,
        "html": false,
        "json": true,
        "reportDir": "cypress/report/mochawesome-report"
      },
      "version": "6.2.0"
    }
  }
}