{
  "stats": {
    "suites": 1,
    "tests": 2,
    "passes": 1,
    "pending": 0,
    "failures": 1,
    "start": "2025-02-01T12:35:41.724Z",
    "end": "2025-02-01T12:35:56.104Z",
    "duration": 14380,
    "testsRegistered": 2,
    "passPercent": 50,
    "pendingPercent": 0,
    "other": 0,
    "hasOther": false,
    "skipped": 0,
    "hasSkipped": false
  },
  "results": [
    {
      "uuid": "16cf79f6-b06b-4583-8cef-9b58a7e22025",
      "title": "",
      "fullFile": "cypress/e2e/Learning web/MyFirstTest.cy.js",
      "file": "cypress/e2e/Learning web/MyFirstTest.cy.js",
      "beforeHooks": [],
      "afterHooks": [],
      "tests": [],
      "suites": [
        {
          "uuid": "eeaf70d7-cb63-46be-b099-5266331c6de6",
          "title": "My First Test",
          "fullFile": "",
          "file": "",
          "beforeHooks": [],
          "afterHooks": [],
          "tests": [
            {
              "title": "First_TC_Positive_Scenario",
              "fullTitle": "My First Test First_TC_Positive_Scenario",
              "timedOut": null,
              "duration": 7787,
              "state": "passed",
              "speed": "medium",
              "pass": true,
              "fail": false,
              "pending": false,
              "context": null,
              "code": "cy.visit(\"https://opensource-demo.orangehrmlive.com/\");\ncy.title().should('eq', 'OrangeHRM');",
              "err": {},
              "uuid": "d22a4062-a4db-4b42-a32a-e75e6d9fab10",
              "parentUUID": "eeaf70d7-cb63-46be-b099-5266331c6de6",
              "isHook": false,
              "skipped": false
            },
            {
              "title": "TC_2_Negative_Scenario",
              "fullTitle": "My First Test TC_2_Negative_Scenario",
              "timedOut": null,
              "duration": 4975,
              "state": "failed",
              "speed": null,
              "pass": false,
              "fail": true,
              "pending": false,
              "context": null,
              "code": "cy.visit(\"https://opensource-demo.orangehrmlive.com/\");\ncy.title().should('eq', 'googlii');",
              "err": {
                "message": "AssertionError: Timed out retrying after 4000ms: expected 'OrangeHRM' to equal 'googlii'",
                "estack": "AssertionError: Timed out retrying after 4000ms: expected 'OrangeHRM' to equal 'googlii'\n    at Context.eval (webpack://cypressautomation/./cypress/e2e/Learning web/MyFirstTest.cy.js:14:19)",
                "diff": "- 'OrangeHRM'\n+ 'googlii'\n"
              },
              "uuid": "023af64b-23e8-426e-b326-4cec57ef9070",
              "parentUUID": "eeaf70d7-cb63-46be-b099-5266331c6de6",
              "isHook": false,
              "skipped": false
            }
          ],
          "suites": [],
          "passes": [
            "d22a4062-a4db-4b42-a32a-e75e6d9fab10"
          ],
          "failures": [
            "023af64b-23e8-426e-b326-4cec57ef9070"
          ],
          "pending": [],
          "skipped": [],
          "duration": 12762,
          "root": false,
          "rootEmpty": false,
          "_timeout": 2000
        }
      ],
      "passes": [],
      "failures": [],
      "pending": [],
      "skipped": [],
      "duration": 0,
      "root": true,
      "rootEmpty": true,
      "_timeout": 2000
    }
  ],
  "meta": {
    "mocha": {
      "version": "7.0.1"
    },
    "mochawesome": {
      "options": {
        "quiet": false,
        "reportFilename": "mochawesome",
        "saveHtml": false,
        "saveJson": true,
        "consoleReporter": "spec",
        "useInlineDiffs": false,
        "code": true
      },
      "version": "7.1.3"
    },
    "marge": {
      "options": {
        "charts": true,
        "overwrite": false,
        "html": false,
        "json": true,
        "reportDir": "cypress/report/mochawesome-report"
      },
      "version": "6.2.0"
    }
  }
}