{
  "stats": {
    "suites": 1,
    "tests": 1,
    "passes": 1,
    "pending": 0,
    "failures": 0,
    "start": "2025-02-01T12:35:20.396Z",
    "end": "2025-02-01T12:35:27.426Z",
    "duration": 7030,
    "testsRegistered": 1,
    "passPercent": 100,
    "pendingPercent": 0,
    "other": 0,
    "hasOther": false,
    "skipped": 0,
    "hasSkipped": false
  },
  "results": [
    {
      "uuid": "c9c98a5e-d89f-4d62-a5bb-3126a55520b9",
      "title": "",
      "fullFile": "cypress/e2e/Learning web/CSSLocator.cy.js",
      "file": "cypress/e2e/Learning web/CSSLocator.cy.js",
      "beforeHooks": [],
      "afterHooks": [],
      "tests": [],
      "suites": [
        {
          "uuid": "dd726dc3-c1e7-4d9d-b42f-777fb7d4ef31",
          "title": "Practice for CSS Locator",
          "fullFile": "",
          "file": "",
          "beforeHooks": [],
          "afterHooks": [],
          "tests": [
            {
              "title": "Css Locator tag Id",
              "fullTitle": "Practice for CSS Locator Css Locator tag Id",
              "timedOut": null,
              "duration": 4698,
              "state": "passed",
              "speed": "fast",
              "pass": true,
              "fail": false,
              "pending": false,
              "context": null,
              "code": "cy.visit(\"https://testautomationpractice.blogspot.com/\");\ncy.get('#Wikipedia1_wikipedia-search-input').type('Automation'); // id   tag is optional\ncy.get('.wikipedia-search-button[type=\"submit\"]').click(); // class\ncy.get('#Wikipedia1_wikipedia-search-results > :nth-child(3) > a').contains(\"Automation Master\"); //Assertion",
              "err": {},
              "uuid": "6e8ee6ad-ff19-4cb9-bd77-8431e4a5fa04",
              "parentUUID": "dd726dc3-c1e7-4d9d-b42f-777fb7d4ef31",
              "isHook": false,
              "skipped": false
            }
          ],
          "suites": [],
          "passes": [
            "6e8ee6ad-ff19-4cb9-bd77-8431e4a5fa04"
          ],
          "failures": [],
          "pending": [],
          "skipped": [],
          "duration": 4698,
          "root": false,
          "rootEmpty": false,
          "_timeout": 2000
        }
      ],
      "passes": [],
      "failures": [],
      "pending": [],
      "skipped": [],
      "duration": 0,
      "root": true,
      "rootEmpty": true,
      "_timeout": 2000
    }
  ],
  "meta": {
    "mocha": {
      "version": "7.0.1"
    },
    "mochawesome": {
      "options": {
        "quiet": false,
        "reportFilename": "mochawesome",
        "saveHtml": false,
        "saveJson": true,
        "consoleReporter": "spec",
        "useInlineDiffs": false,
        "code": true
      },
      "version": "7.1.3"
    },
    "marge": {
      "options": {
        "charts": true,
        "overwrite": false,
        "html": false,
        "json": true,
        "reportDir": "cypress/report/mochawesome-report"
      },
      "version": "6.2.0"
    }
  }
}