{
  "stats": {
    "suites": 1,
    "tests": 2,
    "passes": 2,
    "pending": 0,
    "failures": 0,
    "start": "2025-02-01T12:36:16.590Z",
    "end": "2025-02-01T12:37:17.239Z",
    "duration": 60649,
    "testsRegistered": 2,
    "passPercent": 100,
    "pendingPercent": 0,
    "other": 0,
    "hasOther": false,
    "skipped": 0,
    "hasSkipped": false
  },
  "results": [
    {
      "uuid": "5128765c-06e5-40d9-b084-d722a965e8da",
      "title": "",
      "fullFile": "cypress/e2e/Learning web/child tab handle.cy.js",
      "file": "cypress/e2e/Learning web/child tab handle.cy.js",
      "beforeHooks": [],
      "afterHooks": [],
      "tests": [],
      "suites": [
        {
          "uuid": "d82d0857-01d4-4284-81f3-547ad2e232ce",
          "title": "handling window Tab approach -1",
          "fullFile": "",
          "file": "",
          "beforeHooks": [],
          "afterHooks": [],
          "tests": [
            {
              "title": "Approach -1 ",
              "fullTitle": "handling window Tab approach -1 Approach -1 ",
              "timedOut": null,
              "duration": 8850,
              "state": "passed",
              "speed": "medium",
              "pass": true,
              "fail": false,
              "pending": false,
              "context": null,
              "code": "cy.visit('https://the-internet.herokuapp.com/windows');\ncy.get('.example>a').invoke('removeAttr', 'target').click();\ncy.url().should('include', 'https://the-internet.herokuapp.com/windows/new');\ncy.wait(5000);\n//operations  \ncy.go('back'); // back to parent tab",
              "err": {},
              "uuid": "b9c65026-16f0-442e-b2bb-7895047b850a",
              "parentUUID": "d82d0857-01d4-4284-81f3-547ad2e232ce",
              "isHook": false,
              "skipped": false
            },
            {
              "title": "Approach -2 ",
              "fullTitle": "handling window Tab approach -1 Approach -2 ",
              "timedOut": null,
              "duration": 50868,
              "state": "passed",
              "speed": "slow",
              "pass": true,
              "fail": false,
              "pending": false,
              "context": null,
              "code": "cy.visit('https://the-internet.herokuapp.com/windows');\ncy.get('.example>a').then(e => {\n  let url = e.prop('href');\n  cy.visit(url);\n});\ncy.url().should('include', 'https://the-internet.herokuapp.com/windows/new');\ncy.wait(50000);\n//operations  \ncy.go('back');",
              "err": {},
              "uuid": "058e7419-e875-4131-9a4e-7c34e8a5827d",
              "parentUUID": "d82d0857-01d4-4284-81f3-547ad2e232ce",
              "isHook": false,
              "skipped": false
            }
          ],
          "suites": [],
          "passes": [
            "b9c65026-16f0-442e-b2bb-7895047b850a",
            "058e7419-e875-4131-9a4e-7c34e8a5827d"
          ],
          "failures": [],
          "pending": [],
          "skipped": [],
          "duration": 59718,
          "root": false,
          "rootEmpty": false,
          "_timeout": 2000
        }
      ],
      "passes": [],
      "failures": [],
      "pending": [],
      "skipped": [],
      "duration": 0,
      "root": true,
      "rootEmpty": true,
      "_timeout": 2000
    }
  ],
  "meta": {
    "mocha": {
      "version": "7.0.1"
    },
    "mochawesome": {
      "options": {
        "quiet": false,
        "reportFilename": "mochawesome",
        "saveHtml": false,
        "saveJson": true,
        "consoleReporter": "spec",
        "useInlineDiffs": false,
        "code": true
      },
      "version": "7.1.3"
    },
    "marge": {
      "options": {
        "charts": true,
        "overwrite": false,
        "html": false,
        "json": true,
        "reportDir": "cypress/report/mochawesome-report"
      },
      "version": "6.2.0"
    }
  }
}