{
  "stats": {
    "suites": 1,
    "tests": 2,
    "passes": 2,
    "pending": 0,
    "failures": 0,
    "start": "2025-02-01T12:04:17.435Z",
    "end": "2025-02-01T12:05:18.026Z",
    "duration": 60591,
    "testsRegistered": 2,
    "passPercent": 100,
    "pendingPercent": 0,
    "other": 0,
    "hasOther": false,
    "skipped": 0,
    "hasSkipped": false
  },
  "results": [
    {
      "uuid": "753986e8-ce70-483e-875e-df9c2b2c622c",
      "title": "",
      "fullFile": "cypress/e2e/Learning web/child tab handle.cy.js",
      "file": "cypress/e2e/Learning web/child tab handle.cy.js",
      "beforeHooks": [],
      "afterHooks": [],
      "tests": [],
      "suites": [
        {
          "uuid": "0df79ad0-ea95-4d46-940d-f2aba79cfa46",
          "title": "handling window Tab approach -1",
          "fullFile": "",
          "file": "",
          "beforeHooks": [],
          "afterHooks": [],
          "tests": [
            {
              "title": "Approach -1 ",
              "fullTitle": "handling window Tab approach -1 Approach -1 ",
              "timedOut": null,
              "duration": 8842,
              "state": "passed",
              "speed": "medium",
              "pass": true,
              "fail": false,
              "pending": false,
              "context": null,
              "code": "cy.visit('https://the-internet.herokuapp.com/windows');\ncy.get('.example>a').invoke('removeAttr', 'target').click();\ncy.url().should('include', 'https://the-internet.herokuapp.com/windows/new');\ncy.wait(5000);\n//operations  \ncy.go('back'); // back to parent tab",
              "err": {},
              "uuid": "afa9bce4-8b24-43b4-ae6d-1e57e8077bb6",
              "parentUUID": "0df79ad0-ea95-4d46-940d-f2aba79cfa46",
              "isHook": false,
              "skipped": false
            },
            {
              "title": "Approach -2 ",
              "fullTitle": "handling window Tab approach -1 Approach -2 ",
              "timedOut": null,
              "duration": 50848,
              "state": "passed",
              "speed": "slow",
              "pass": true,
              "fail": false,
              "pending": false,
              "context": null,
              "code": "cy.visit('https://the-internet.herokuapp.com/windows');\ncy.get('.example>a').then(e => {\n  let url = e.prop('href');\n  cy.visit(url);\n});\ncy.url().should('include', 'https://the-internet.herokuapp.com/windows/new');\ncy.wait(50000);\n//operations  \ncy.go('back');",
              "err": {},
              "uuid": "d82c240c-70dc-4349-b45b-a7d5377dc1d5",
              "parentUUID": "0df79ad0-ea95-4d46-940d-f2aba79cfa46",
              "isHook": false,
              "skipped": false
            }
          ],
          "suites": [],
          "passes": [
            "afa9bce4-8b24-43b4-ae6d-1e57e8077bb6",
            "d82c240c-70dc-4349-b45b-a7d5377dc1d5"
          ],
          "failures": [],
          "pending": [],
          "skipped": [],
          "duration": 59690,
          "root": false,
          "rootEmpty": false,
          "_timeout": 2000
        }
      ],
      "passes": [],
      "failures": [],
      "pending": [],
      "skipped": [],
      "duration": 0,
      "root": true,
      "rootEmpty": true,
      "_timeout": 2000
    }
  ],
  "meta": {
    "mocha": {
      "version": "7.0.1"
    },
    "mochawesome": {
      "options": {
        "quiet": false,
        "reportFilename": "mochawesome",
        "saveHtml": false,
        "saveJson": true,
        "consoleReporter": "spec",
        "useInlineDiffs": false,
        "code": true
      },
      "version": "7.1.3"
    },
    "marge": {
      "options": {
        "charts": true,
        "overwrite": false,
        "html": false,
        "json": true,
        "reportDir": "cypress/report/mochawesome-report"
      },
      "version": "6.2.0"
    }
  }
}