{
  "stats": {
    "suites": 1,
    "tests": 1,
    "passes": 1,
    "pending": 0,
    "failures": 0,
    "start": "2025-02-01T12:37:36.715Z",
    "end": "2025-02-01T12:37:37.808Z",
    "duration": 1093,
    "testsRegistered": 1,
    "passPercent": 100,
    "pendingPercent": 0,
    "other": 0,
    "hasOther": false,
    "skipped": 0,
    "hasSkipped": false
  },
  "results": [
    {
      "uuid": "ff486ccb-d010-497e-826b-198bb69c4adf",
      "title": "",
      "fullFile": "cypress/e2e/Learning web/mongo.cy.js",
      "file": "cypress/e2e/Learning web/mongo.cy.js",
      "beforeHooks": [],
      "afterHooks": [],
      "tests": [],
      "suites": [
        {
          "uuid": "5a6053d4-7cc9-4ebe-90b9-127b4c9cf746",
          "title": "test feeds are available",
          "fullFile": "",
          "file": "",
          "beforeHooks": [],
          "afterHooks": [],
          "tests": [
            {
              "title": "visit feed",
              "fullTitle": "test feeds are available visit feed",
              "timedOut": null,
              "duration": 360,
              "state": "passed",
              "speed": "fast",
              "pass": true,
              "fail": false,
              "pending": false,
              "context": null,
              "code": "cy.visit(\"http://localhost:3000\");",
              "err": {},
              "uuid": "8db18781-72a1-4f43-8b70-78921620cf9a",
              "parentUUID": "5a6053d4-7cc9-4ebe-90b9-127b4c9cf746",
              "isHook": false,
              "skipped": false
            }
          ],
          "suites": [],
          "passes": [
            "8db18781-72a1-4f43-8b70-78921620cf9a"
          ],
          "failures": [],
          "pending": [],
          "skipped": [],
          "duration": 360,
          "root": false,
          "rootEmpty": false,
          "_timeout": 2000
        }
      ],
      "passes": [],
      "failures": [],
      "pending": [],
      "skipped": [],
      "duration": 0,
      "root": true,
      "rootEmpty": true,
      "_timeout": 2000
    }
  ],
  "meta": {
    "mocha": {
      "version": "7.0.1"
    },
    "mochawesome": {
      "options": {
        "quiet": false,
        "reportFilename": "mochawesome",
        "saveHtml": false,
        "saveJson": true,
        "consoleReporter": "spec",
        "useInlineDiffs": false,
        "code": true
      },
      "version": "7.1.3"
    },
    "marge": {
      "options": {
        "charts": true,
        "overwrite": false,
        "html": false,
        "json": true,
        "reportDir": "cypress/report/mochawesome-report"
      },
      "version": "6.2.0"
    }
  }
}