{
  "stats": {
    "suites": 1,
    "tests": 1,
    "passes": 1,
    "pending": 0,
    "failures": 0,
    "start": "2025-02-01T12:35:28.190Z",
    "end": "2025-02-01T12:35:31.289Z",
    "duration": 3099,
    "testsRegistered": 1,
    "passPercent": 100,
    "pendingPercent": 0,
    "other": 0,
    "hasOther": false,
    "skipped": 0,
    "hasSkipped": false
  },
  "results": [
    {
      "uuid": "ac04f618-286f-4f33-b5dc-296040bcdc9d",
      "title": "",
      "fullFile": "cypress/e2e/Learning web/Fileupload.cy.js",
      "file": "cypress/e2e/Learning web/Fileupload.cy.js",
      "beforeHooks": [],
      "afterHooks": [],
      "tests": [],
      "suites": [
        {
          "uuid": "8eaae9a0-70a1-414f-b47d-93eeac733ee5",
          "title": "file upload",
          "fullFile": "",
          "file": "",
          "beforeHooks": [],
          "afterHooks": [],
          "tests": [
            {
              "title": "File upload- rename",
              "fullTitle": "file upload File upload- rename",
              "timedOut": null,
              "duration": 2166,
              "state": "passed",
              "speed": "fast",
              "pass": true,
              "fail": false,
              "pending": false,
              "context": null,
              "code": "cy.visit('https://the-internet.herokuapp.com/upload');\ncy.get('#file-upload').attachFile({\n  filePath: 'customer.csv',\n  fileName: 'Myfile.csv'\n});\ncy.get('#file-submit').click();\ncy.wait(200);\ncy.get('#content > div > h3').should('have.text', 'File Uploaded!');",
              "err": {},
              "uuid": "b97e62bb-6471-456f-b008-785e3ab9fc2c",
              "parentUUID": "8eaae9a0-70a1-414f-b47d-93eeac733ee5",
              "isHook": false,
              "skipped": false
            }
          ],
          "suites": [],
          "passes": [
            "b97e62bb-6471-456f-b008-785e3ab9fc2c"
          ],
          "failures": [],
          "pending": [],
          "skipped": [],
          "duration": 2166,
          "root": false,
          "rootEmpty": false,
          "_timeout": 2000
        }
      ],
      "passes": [],
      "failures": [],
      "pending": [],
      "skipped": [],
      "duration": 0,
      "root": true,
      "rootEmpty": true,
      "_timeout": 2000
    }
  ],
  "meta": {
    "mocha": {
      "version": "7.0.1"
    },
    "mochawesome": {
      "options": {
        "quiet": false,
        "reportFilename": "mochawesome",
        "saveHtml": false,
        "saveJson": true,
        "consoleReporter": "spec",
        "useInlineDiffs": false,
        "code": true
      },
      "version": "7.1.3"
    },
    "marge": {
      "options": {
        "charts": true,
        "overwrite": false,
        "html": false,
        "json": true,
        "reportDir": "cypress/report/mochawesome-report"
      },
      "version": "6.2.0"
    }
  }
}