{
  "stats": {
    "suites": 1,
    "tests": 2,
    "passes": 2,
    "pending": 0,
    "failures": 0,
    "start": "2025-02-01T12:04:00.081Z",
    "end": "2025-02-01T12:04:13.537Z",
    "duration": 13456,
    "testsRegistered": 2,
    "passPercent": 100,
    "pendingPercent": 0,
    "other": 0,
    "hasOther": false,
    "skipped": 0,
    "hasSkipped": false
  },
  "results": [
    {
      "uuid": "9575b485-b41e-479a-bd9e-acbca53124b6",
      "title": "",
      "fullFile": "cypress/e2e/Learning web/Radiobutton & Checkbox.cy.js",
      "file": "cypress/e2e/Learning web/Radiobutton & Checkbox.cy.js",
      "beforeHooks": [],
      "afterHooks": [],
      "tests": [],
      "suites": [
        {
          "uuid": "bd1a3e96-f948-463c-9cef-17176c255990",
          "title": "Radio button check ui",
          "fullFile": "",
          "file": "",
          "beforeHooks": [],
          "afterHooks": [],
          "tests": [
            {
              "title": "checking radio button",
              "fullTitle": "Radio button check ui checking radio button",
              "timedOut": null,
              "duration": 4692,
              "state": "passed",
              "speed": "fast",
              "pass": true,
              "fail": false,
              "pending": false,
              "context": null,
              "code": "cy.visit(\"https://testautomationpractice.blogspot.com\");\n//visibility of radio buttons\ncy.get('#male').should('be.visible');\ncy.get('#female').should('be.visible');\n//selecting of radio buttons\ncy.get('#male').check().should('be.checked');\ncy.get('#female').should('not.be.checked');\ncy.get('#female').check().should('be.checked');\ncy.get('#male').should('not.be.checked');",
              "err": {},
              "uuid": "84f54529-055d-44c6-b3a1-1b5f1d2e7ca4",
              "parentUUID": "bd1a3e96-f948-463c-9cef-17176c255990",
              "isHook": false,
              "skipped": false
            },
            {
              "title": "checking Checkbox ",
              "fullTitle": "Radio button check ui checking Checkbox ",
              "timedOut": null,
              "duration": 6499,
              "state": "passed",
              "speed": "medium",
              "pass": true,
              "fail": false,
              "pending": false,
              "context": null,
              "code": "cy.visit(\"https://testautomationpractice.blogspot.com\");\n//visibility of  checkbox\ncy.get('#monday').should('be.visible');\n//selecting of checkbox \ncy.get('#monday').check().should('be.checked');\n// unselection\ncy.get('#monday').uncheck().should('not.be.checked');\n//selecting all the checbox\ncy.get('input.form-check-input[type=\"checkbox\"]').check().should('be.checked');\ncy.get('input.form-check-input[type=\"checkbox\"]').uncheck().should('not.be.checked');\n//select first checbox\ncy.get('input.form-check-input[type=\"checkbox\"]').first().check();\n//select last checbox\ncy.get('input.form-check-input[type=\"checkbox\"]').last().check();",
              "err": {},
              "uuid": "122715b9-6186-49bc-8a36-797d05a690f0",
              "parentUUID": "bd1a3e96-f948-463c-9cef-17176c255990",
              "isHook": false,
              "skipped": false
            }
          ],
          "suites": [],
          "passes": [
            "84f54529-055d-44c6-b3a1-1b5f1d2e7ca4",
            "122715b9-6186-49bc-8a36-797d05a690f0"
          ],
          "failures": [],
          "pending": [],
          "skipped": [],
          "duration": 11191,
          "root": false,
          "rootEmpty": false,
          "_timeout": 2000
        }
      ],
      "passes": [],
      "failures": [],
      "pending": [],
      "skipped": [],
      "duration": 0,
      "root": true,
      "rootEmpty": true,
      "_timeout": 2000
    }
  ],
  "meta": {
    "mocha": {
      "version": "7.0.1"
    },
    "mochawesome": {
      "options": {
        "quiet": false,
        "reportFilename": "mochawesome",
        "saveHtml": false,
        "saveJson": true,
        "consoleReporter": "spec",
        "useInlineDiffs": false,
        "code": true
      },
      "version": "7.1.3"
    },
    "marge": {
      "options": {
        "charts": true,
        "overwrite": false,
        "html": false,
        "json": true,
        "reportDir": "cypress/report/mochawesome-report"
      },
      "version": "6.2.0"
    }
  }
}