{
  "stats": {
    "suites": 1,
    "tests": 1,
    "passes": 0,
    "pending": 4,
    "failures": -3,
    "start": "2025-02-01T12:37:17.951Z",
    "end": "2025-02-01T12:37:26.944Z",
    "duration": 8993,
    "testsRegistered": 5,
    "passPercent": 0,
    "pendingPercent": 80,
    "other": 4,
    "hasOther": true,
    "skipped": 0,
    "hasSkipped": false
  },
  "results": [
    {
      "uuid": "0ca5cff7-afc2-4238-a923-d48ecb2ec899",
      "title": "",
      "fullFile": "cypress/e2e/Learning web/dropdown.cy.js",
      "file": "cypress/e2e/Learning web/dropdown.cy.js",
      "beforeHooks": [],
      "afterHooks": [],
      "tests": [],
      "suites": [
        {
          "uuid": "6f971d32-9ad1-47c5-b104-fe452a708a10",
          "title": "testcase dropdown",
          "fullFile": "",
          "file": "",
          "beforeHooks": [],
          "afterHooks": [],
          "tests": [
            {
              "title": "selecting Drop Down",
              "fullTitle": "testcase dropdown selecting Drop Down",
              "timedOut": null,
              "duration": 0,
              "state": "pending",
              "speed": null,
              "pass": false,
              "fail": false,
              "pending": true,
              "context": null,
              "code": "cy.visit('https://testautomationpractice.blogspot.com');\ncy.get('#country').select('japan').should('have.value', 'japan');",
              "err": {},
              "uuid": "8d22d7bc-280c-4aeb-8827-c99e81923c35",
              "parentUUID": "6f971d32-9ad1-47c5-b104-fe452a708a10",
              "isHook": false,
              "skipped": false
            },
            {
              "title": "selecting Drop Downwith out select down",
              "fullTitle": "testcase dropdown selecting Drop Downwith out select down",
              "timedOut": null,
              "duration": 0,
              "state": "pending",
              "speed": null,
              "pass": false,
              "fail": false,
              "pending": true,
              "context": null,
              "code": "cy.visit('https://www.dummyticket.com/dummy-ticket-for-visa-application/');\ncy.get('#select2-billing_country-container').click();\ncy.get(\"input.select2-search__field\").type('Italy').type('{enter}');\ncy.get('#select2-billing_country-container').should('have.text', 'Italy');",
              "err": {},
              "uuid": "ac650c85-c2be-4fc9-9379-f4208876a9e9",
              "parentUUID": "6f971d32-9ad1-47c5-b104-fe452a708a10",
              "isHook": false,
              "skipped": false
            },
            {
              "title": "Auto select dropdown",
              "fullTitle": "testcase dropdown Auto select dropdown",
              "timedOut": null,
              "duration": 0,
              "state": "pending",
              "speed": null,
              "pass": false,
              "fail": false,
              "pending": true,
              "context": null,
              "code": "cy.visit('https://www.wikipedia.org');\ncy.get('#searchInput').type('Delhi');\ncy.get('.suggestion-title').contains('Delhi University').click();",
              "err": {},
              "uuid": "ccf390fa-6ab8-43a0-bb61-39d3a256d53c",
              "parentUUID": "6f971d32-9ad1-47c5-b104-fe452a708a10",
              "isHook": false,
              "skipped": false
            },
            {
              "title": "Dropdown Test",
              "fullTitle": "testcase dropdown Dropdown Test",
              "timedOut": null,
              "duration": 0,
              "state": "pending",
              "speed": null,
              "pass": false,
              "fail": false,
              "pending": true,
              "context": null,
              "code": "// ✅ Correct\ncy.visit('https://google.com');\n// Type in search box\ncy.get('[name=\"q\"]').type('cypress automation');\ncy.wait(3000);\n// Wait for suggestions to load\ncy.get('.erkvQe li span').should('be.visible');\n// Iterate over the suggestions\ncy.get('.erkvQe li span').each(($el, index, $list) => {\n  if ($el.text() == 'cypress automation tutorial') {\n    cy.wrap($el).click();\n  }\n});\n// Verify the search box contains the selected value\ncy.get('[name=\"q\"]').should('have.value', 'cypress automation tutorial');",
              "err": {},
              "uuid": "1718467f-af78-42ef-916f-0ccc5c78b3ac",
              "parentUUID": "6f971d32-9ad1-47c5-b104-fe452a708a10",
              "isHook": false,
              "skipped": false
            },
            {
              "title": "Google Search Test",
              "fullTitle": "testcase dropdown Google Search Test",
              "timedOut": null,
              "duration": 7836,
              "state": "failed",
              "speed": null,
              "pass": false,
              "fail": true,
              "pending": false,
              "context": null,
              "code": "cy.visit('https://www.google.com');\n// Type search query with delay\ncy.get('[name=\"q\"]').type('Cypress Automation', {\n  delay: 200\n});\n// Ensure suggestions load\ncy.get('.erkvQe li span', {\n  timeout: 5000\n}).should('be.visible');\n// Click on the correct suggestion\ncy.get('.erkvQe li span').each($el => {\n  if (Cypress.$($el).text().trim() === 'cypress automation tool') {\n    cy.wrap($el).click({\n      force: true\n    });\n  }\n});\n// Validate search box contains the correct value\ncy.get('[name=\"q\"]').should('have.value', 'cypress automation tool');",
              "err": {
                "message": "SyntaxError: The following error originated from your application code, not from Cypress.\n\n  > Unexpected token ','\n\nWhen Cypress detects uncaught errors originating from your application it will automatically fail the current test.\n\nThis behavior is configurable, and you can choose to turn this off by listening to the `uncaught:exception` event.\n\nhttps://on.cypress.io/uncaught-exception-from-application",
                "estack": "SyntaxError: The following error originated from your application code, not from Cypress.\n\n  > Unexpected token ','\n\nWhen Cypress detects uncaught errors originating from your application it will automatically fail the current test.\n\nThis behavior is configurable, and you can choose to turn this off by listening to the `uncaught:exception` event.\n\nhttps://on.cypress.io/uncaught-exception-from-application",
                "diff": null
              },
              "uuid": "691bf8a6-0abe-4681-b210-5b54d3362e4e",
              "parentUUID": "6f971d32-9ad1-47c5-b104-fe452a708a10",
              "isHook": false,
              "skipped": false
            }
          ],
          "suites": [],
          "passes": [],
          "failures": [
            "691bf8a6-0abe-4681-b210-5b54d3362e4e"
          ],
          "pending": [
            "8d22d7bc-280c-4aeb-8827-c99e81923c35",
            "ac650c85-c2be-4fc9-9379-f4208876a9e9",
            "ccf390fa-6ab8-43a0-bb61-39d3a256d53c",
            "1718467f-af78-42ef-916f-0ccc5c78b3ac"
          ],
          "skipped": [],
          "duration": 7836,
          "root": false,
          "rootEmpty": false,
          "_timeout": 2000
        }
      ],
      "passes": [],
      "failures": [],
      "pending": [],
      "skipped": [],
      "duration": 0,
      "root": true,
      "rootEmpty": true,
      "_timeout": 2000
    }
  ],
  "meta": {
    "mocha": {
      "version": "7.0.1"
    },
    "mochawesome": {
      "options": {
        "quiet": false,
        "reportFilename": "mochawesome",
        "saveHtml": false,
        "saveJson": true,
        "consoleReporter": "spec",
        "useInlineDiffs": false,
        "code": true
      },
      "version": "7.1.3"
    },
    "marge": {
      "options": {
        "charts": true,
        "overwrite": false,
        "html": false,
        "json": true,
        "reportDir": "cypress/report/mochawesome-report"
      },
      "version": "6.2.0"
    }
  }
}